<component name="libraryTable">
  <library name="JUnitParams-1.0.2">
    <CLASSES>
      <root url="jar://$USER_HOME$/.gradle/caches/artifacts-26/filestore/pl.pragmatists/JUnitParams/1.0.2/jar/279c37228171ba80fdb0dede281d73fee74faabd/JUnitParams-1.0.2.jar!/" />
    </CLASSES>
    <JAVADOC />
    <SOURCES />
  </library>
</component>